<?xml version="1.0" encoding="UTF-8"?>
<!-- Generated by org.testng.reporters.JUnitReportReporter -->
<testsuite hostname="DESKTOP-9A8VSM7" failures="0" tests="1" name="testCases.FileUploadDemo2" time="6.258" errors="0" timestamp="2024-03-08T22:49:07 GMT+01:00" skipped="0">
  <testcase classname="testCases.FileUploadDemo2" name="fileUploadTest" time="6.258"/>
</testsuite> <!-- testCases.FileUploadDemo2 -->
